01:36:42.534 [main] INFO  org.eclipse.jetty.util.log - Logging initialized @16248ms
02:59:45.124 [main] INFO  org.eclipse.jetty.util.log - Logging initialized @20501ms
03:02:36.978 [main] INFO  org.eclipse.jetty.util.log - Logging initialized @13645ms
03:03:58.371 [main] INFO  org.eclipse.jetty.util.log - Logging initialized @14036ms
03:05:47.578 [main] INFO  org.eclipse.jetty.util.log - Logging initialized @13853ms
03:16:04.205 [main] INFO  org.eclipse.jetty.util.log - Logging initialized @18239ms
03:16:04.458 [main] INFO  org.eclipse.jetty.server.Server - jetty-9.3.8.v20160314
03:16:04.539 [main] INFO  o.e.j.server.handler.ContextHandler - Started o.e.j.s.ServletContextHandler@79a1730e{/,null,AVAILABLE}
03:16:04.644 [main] INFO  o.e.jetty.server.ServerConnector - Started ServerConnector@738e606c{HTTP/1.1,[http/1.1, h2c, h2c-17, h2c-16, h2c-15, h2c-14]}{0.0.0.0:8080}
03:16:04.645 [main] INFO  org.eclipse.jetty.server.Server - Started @18684ms
03:17:07.223 [qtp1047893314-14] INFO  io.pedestal.http - {:msg "GET /startup", :line 78}
03:17:27.882 [qtp1047893314-16] INFO  io.pedestal.http - {:msg "GET /leibniz", :line 78}
03:17:31.350 [async-thread-macro-1] INFO  o.a.http.impl.execchain.RetryExec - I/O exception (java.net.NoRouteToHostException) caught when processing request to {}->http://10.42.0.81:8080: No route to host (Host unreachable)
03:17:31.352 [async-thread-macro-1] INFO  o.a.http.impl.execchain.RetryExec - Retrying request to {}->http://10.42.0.81:8080
03:17:34.422 [async-thread-macro-1] INFO  o.a.http.impl.execchain.RetryExec - I/O exception (java.net.NoRouteToHostException) caught when processing request to {}->http://10.42.0.81:8080: No route to host (Host unreachable)
03:17:34.424 [async-thread-macro-1] INFO  o.a.http.impl.execchain.RetryExec - Retrying request to {}->http://10.42.0.81:8080
03:17:37.483 [async-thread-macro-1] INFO  o.a.http.impl.execchain.RetryExec - I/O exception (java.net.NoRouteToHostException) caught when processing request to {}->http://10.42.0.81:8080: No route to host (Host unreachable)
03:17:37.483 [async-thread-macro-1] INFO  o.a.http.impl.execchain.RetryExec - Retrying request to {}->http://10.42.0.81:8080
03:17:43.551 [qtp1047893314-17] INFO  io.pedestal.http - {:msg "GET /startup", :line 78}
03:17:58.099 [async-dispatch-3] WARN  i.p.http.impl.servlet-interceptor - {:msg "The pipe closed while async writing to the client; Client most likely disconnected.", :line 111, :src-chan #object[clojure.core.async.impl.channels.ManyToManyChannel 0x14a99a7d "clojure.core.async.impl.channels.ManyToManyChannel@14a99a7d"]}
org.eclipse.jetty.io.EofException: null
	at org.eclipse.jetty.io.ChannelEndPoint.flush(ChannelEndPoint.java:197)
	at org.eclipse.jetty.io.WriteFlusher.flush(WriteFlusher.java:419)
	at org.eclipse.jetty.io.WriteFlusher.write(WriteFlusher.java:313)
	at org.eclipse.jetty.io.AbstractEndPoint.write(AbstractEndPoint.java:141)
	at org.eclipse.jetty.server.HttpConnection$SendCallback.process(HttpConnection.java:738)
	at org.eclipse.jetty.util.IteratingCallback.processing(IteratingCallback.java:241)
	at org.eclipse.jetty.util.IteratingCallback.iterate(IteratingCallback.java:224)
	at org.eclipse.jetty.server.HttpConnection.send(HttpConnection.java:512)
	at org.eclipse.jetty.server.HttpChannel.sendResponse(HttpChannel.java:673)
	at org.eclipse.jetty.server.HttpChannel.write(HttpChannel.java:722)
	at org.eclipse.jetty.server.HttpOutput.write(HttpOutput.java:179)
	at org.eclipse.jetty.server.HttpOutput.write(HttpOutput.java:163)
	at org.eclipse.jetty.server.HttpOutput.flush(HttpOutput.java:299)
	at org.eclipse.jetty.server.Response.flushBuffer(Response.java:1154)
	at io.pedestal.http.impl.servlet_interceptor$eval12152$fn__12153$fn__12227$state_machine__5722__auto____12228$fn__12230.invoke(servlet_interceptor.clj:101)
	at io.pedestal.http.impl.servlet_interceptor$eval12152$fn__12153$fn__12227$state_machine__5722__auto____12228.invoke(servlet_interceptor.clj:101)
	at clojure.core.async.impl.ioc_macros$run_state_machine.invokeStatic(ioc_macros.clj:1012)
	at clojure.core.async.impl.ioc_macros$run_state_machine.invoke(ioc_macros.clj:1011)
	at clojure.core.async.impl.ioc_macros$run_state_machine_wrapped.invokeStatic(ioc_macros.clj:1016)
	at clojure.core.async.impl.ioc_macros$run_state_machine_wrapped.invoke(ioc_macros.clj:1014)
	at clojure.core.async.impl.ioc_macros$take_BANG_$fn__5738.invoke(ioc_macros.clj:1025)
	at clojure.core.async.impl.channels.ManyToManyChannel$fn__646$fn__647.invoke(channels.clj:95)
	at clojure.lang.AFn.run(AFn.java:22)
	at java.util.concurrent.ThreadPoolExecutor.runWorker(ThreadPoolExecutor.java:1149)
	at java.util.concurrent.ThreadPoolExecutor$Worker.run(ThreadPoolExecutor.java:624)
	at java.lang.Thread.run(Thread.java:748)
Caused by: java.io.IOException: Broken pipe
	at sun.nio.ch.FileDispatcherImpl.write0(Native Method)
	at sun.nio.ch.SocketDispatcher.write(SocketDispatcher.java:47)
	at sun.nio.ch.IOUtil.writeFromNativeBuffer(IOUtil.java:93)
	at sun.nio.ch.IOUtil.write(IOUtil.java:51)
	at sun.nio.ch.SocketChannelImpl.write(SocketChannelImpl.java:468)
	at org.eclipse.jetty.io.ChannelEndPoint.flush(ChannelEndPoint.java:175)
	... 25 common frames omitted
03:18:08.109 [async-dispatch-1] INFO  io.pedestal.http.sse - {:msg "Response channel was closed when sending heartbeat. Shutting down SSE stream.", :line 140}
03:22:22.780 [main] INFO  org.eclipse.jetty.util.log - Logging initialized @13170ms
03:22:23.100 [main] INFO  org.eclipse.jetty.server.Server - jetty-9.3.8.v20160314
03:22:23.143 [main] INFO  o.e.j.server.handler.ContextHandler - Started o.e.j.s.ServletContextHandler@a51ee41{/,null,AVAILABLE}
03:22:23.178 [main] INFO  o.e.jetty.server.ServerConnector - Started ServerConnector@30301a37{HTTP/1.1,[http/1.1, h2c, h2c-17, h2c-16, h2c-15, h2c-14]}{0.0.0.0:8080}
03:22:23.180 [main] INFO  org.eclipse.jetty.server.Server - Started @13572ms
03:22:38.266 [qtp1671267089-13] INFO  io.pedestal.http - {:msg "GET /startup", :line 78}
03:26:29.411 [main] INFO  org.eclipse.jetty.util.log - Logging initialized @62837ms
03:26:31.135 [main] INFO  org.eclipse.jetty.server.Server - jetty-9.3.8.v20160314
03:26:31.392 [main] INFO  o.e.j.server.handler.ContextHandler - Started o.e.j.s.ServletContextHandler@6d9f78a6{/,null,AVAILABLE}
03:26:31.508 [main] INFO  o.e.jetty.server.ServerConnector - Started ServerConnector@5c58653b{HTTP/1.1,[http/1.1, h2c, h2c-17, h2c-16, h2c-15, h2c-14]}{0.0.0.0:8080}
03:26:31.511 [main] INFO  org.eclipse.jetty.server.Server - Started @64951ms
03:40:13.372 [main] INFO  org.eclipse.jetty.util.log - Logging initialized @24365ms
04:37:28.888 [main] INFO  org.eclipse.jetty.util.log - Logging initialized @49754ms
04:45:19.244 [main] INFO  org.eclipse.jetty.util.log - Logging initialized @64532ms
04:55:34.043 [main] INFO  org.eclipse.jetty.util.log - Logging initialized @37600ms
06:00:46.602 [main] INFO  org.eclipse.jetty.util.log - Logging initialized @18249ms
18:00:02.425 [main] INFO  org.eclipse.jetty.util.log - Logging initialized @17279ms
18:00:02.869 [main] INFO  org.eclipse.jetty.server.Server - jetty-9.3.8.v20160314
18:00:02.985 [main] INFO  o.e.j.server.handler.ContextHandler - Started o.e.j.s.ServletContextHandler@222e8b99{/,null,AVAILABLE}
18:00:03.431 [main] INFO  o.e.jetty.server.ServerConnector - Started ServerConnector@49aefbf4{HTTP/1.1,[http/1.1, h2c, h2c-17, h2c-16, h2c-15, h2c-14]}{0.0.0.0:8080}
18:00:03.445 [main] INFO  org.eclipse.jetty.server.Server - Started @18305ms
18:10:21.505 [main] INFO  org.eclipse.jetty.util.log - Logging initialized @19454ms
18:10:21.835 [main] INFO  org.eclipse.jetty.server.Server - jetty-9.3.8.v20160314
18:10:21.879 [main] INFO  o.e.j.server.handler.ContextHandler - Started o.e.j.s.ServletContextHandler@162be846{/,null,AVAILABLE}
18:10:21.950 [main] INFO  o.e.jetty.server.ServerConnector - Started ServerConnector@54ded8b3{HTTP/1.1,[http/1.1, h2c, h2c-17, h2c-16, h2c-15, h2c-14]}{0.0.0.0:8080}
18:10:21.952 [main] INFO  org.eclipse.jetty.server.Server - Started @19905ms
18:12:52.590 [qtp1725565623-15] INFO  io.pedestal.http - {:msg "GET /k3s-apply-statefulset", :line 78}
18:12:53.664 [qtp1725565623-15] ERROR i.p.http.impl.servlet-interceptor - {:msg "error-ring-response triggered", :context {:response nil, :io.pedestal.interceptor.chain/stack (#Interceptor{:name :io.pedestal.http.impl.servlet-interceptor/stylobate} #Interceptor{:name :io.pedestal.http.impl.servlet-interceptor/terminator-injector}), :request {:protocol "HTTP/1.1", :async-supported? true, :remote-addr "127.0.0.1", :servlet-response #object[org.eclipse.jetty.server.Response 0x68d9edbe "HTTP/1.1 200 \nDate: Wed, 22 Apr 2020 23:12:52 GMT\r\n\r\n"], :servlet #object[io.pedestal.http.servlet.FnServlet 0x70c5466d "io.pedestal.http.servlet.FnServlet@70c5466d"], :headers {"user-agent" "curl/7.58.0", "accept" "*/*", "host" "0.0.0.0:8080"}, :server-port 8080, :servlet-request #object[org.eclipse.jetty.server.Request 0x7a29b5bc "Request(GET //0.0.0.0:8080/k3s-apply-statefulset)@7a29b5bc"], :path-info "/k3s-apply-statefulset", :url-for #object[io.pedestal.http.route$url_for_routes$fn__9608 0x572b2328 "io.pedestal.http.route$url_for_routes$fn__9608@572b2328"], :uri "/k3s-apply-statefulset", :server-name "0.0.0.0", :query-string nil, :path-params {}, :body #object[org.eclipse.jetty.server.HttpInputOverHTTP 0xa08e71 "HttpInputOverHTTP@a08e71[c=0,s=STREAM]"], :scheme :http, :request-method :get}, :bindings {#'io.pedestal.http.route/*url-for* #object[io.pedestal.http.route$url_for_routes$fn__9608 0x572b2328 "io.pedestal.http.route$url_for_routes$fn__9608@572b2328"]}, :enter-async [#object[io.pedestal.http.impl.servlet_interceptor$start_servlet_async 0x293821e7 "io.pedestal.http.impl.servlet_interceptor$start_servlet_async@293821e7"]], :io.pedestal.interceptor.chain/terminators (#object[io.pedestal.http.impl.servlet_interceptor$terminator_inject$fn__12346 0x45ec946f "io.pedestal.http.impl.servlet_interceptor$terminator_inject$fn__12346@45ec946f"]), :servlet-response #object[org.eclipse.jetty.server.Response 0x68d9edbe "HTTP/1.1 200 \nDate: Wed, 22 Apr 2020 23:12:52 GMT\r\n\r\n"], :route {:path-parts ["k3s-apply-statefulset"], :path-params {}, :interceptors [#Interceptor{:name :server-sent-events.service/k3s-apply-statefulset-handler}], :path "/k3s-apply-statefulset", :method :get, :path-re #"/\Qk3s-apply-statefulset\E", :route-name :server-sent-events.service/k3s-apply-statefulset-handler, :io.pedestal.http.route.prefix-tree/satisfies-constraints? #object[clojure.core$constantly$fn__4614 0x57735b77 "clojure.core$constantly$fn__4614@57735b77"]}, :servlet #object[io.pedestal.http.servlet.FnServlet 0x70c5466d "io.pedestal.http.servlet.FnServlet@70c5466d"], :servlet-request #object[org.eclipse.jetty.server.Request 0x7a29b5bc "Request(GET //0.0.0.0:8080/k3s-apply-statefulset)@7a29b5bc"], :url-for #object[io.pedestal.http.route$url_for_routes$fn__9608 0x572b2328 "io.pedestal.http.route$url_for_routes$fn__9608@572b2328"], :io.pedestal.interceptor.chain/execution-id 1, :servlet-config #object[org.eclipse.jetty.servlet.ServletHolder$Config 0x319718c7 "org.eclipse.jetty.servlet.ServletHolder$Config@319718c7"], :async? #object[io.pedestal.http.impl.servlet_interceptor$servlet_async_QMARK_ 0x60e4fac2 "io.pedestal.http.impl.servlet_interceptor$servlet_async_QMARK_@60e4fac2"]}, :line 252}
clojure.lang.ExceptionInfo: Interceptor Exception: clj-http: status 405
	at clojure.core$ex_info.invokeStatic(core.clj:4617)
	at clojure.core$ex_info.invoke(core.clj:4617)
	at io.pedestal.interceptor.chain$throwable__GT_ex_info.invokeStatic(chain.clj:33)
	at io.pedestal.interceptor.chain$throwable__GT_ex_info.invoke(chain.clj:32)
	at io.pedestal.interceptor.chain$try_f.invokeStatic(chain.clj:55)
	at io.pedestal.interceptor.chain$try_f.invoke(chain.clj:42)
	at io.pedestal.interceptor.chain$process_all_with_binding.invokeStatic(chain.clj:152)
	at io.pedestal.interceptor.chain$process_all_with_binding.invoke(chain.clj:129)
	at io.pedestal.interceptor.chain$process_all$fn__8687.invoke(chain.clj:165)
	at clojure.lang.AFn.applyToHelper(AFn.java:152)
	at clojure.lang.AFn.applyTo(AFn.java:144)
	at clojure.core$apply.invokeStatic(core.clj:646)
	at clojure.core$with_bindings_STAR_.invokeStatic(core.clj:1881)
	at clojure.core$with_bindings_STAR_.doInvoke(core.clj:1881)
	at clojure.lang.RestFn.invoke(RestFn.java:425)
	at io.pedestal.interceptor.chain$process_all.invokeStatic(chain.clj:163)
	at io.pedestal.interceptor.chain$process_all.invoke(chain.clj:159)
	at io.pedestal.interceptor.chain$enter_all.invokeStatic(chain.clj:212)
	at io.pedestal.interceptor.chain$enter_all.invoke(chain.clj:206)
	at io.pedestal.interceptor.chain$execute.invokeStatic(chain.clj:356)
	at io.pedestal.interceptor.chain$execute.invoke(chain.clj:329)
	at io.pedestal.interceptor.chain$execute.invokeStatic(chain.clj:366)
	at io.pedestal.interceptor.chain$execute.invoke(chain.clj:329)
	at io.pedestal.http.impl.servlet_interceptor$interceptor_service_fn$fn__12371.invoke(servlet_interceptor.clj:350)
	at io.pedestal.http.servlet.FnServlet.service(servlet.clj:28)
	at org.eclipse.jetty.servlet.ServletHolder.handle(ServletHolder.java:845)
	at org.eclipse.jetty.servlet.ServletHandler.doHandle(ServletHandler.java:583)
	at org.eclipse.jetty.server.handler.ContextHandler.doHandle(ContextHandler.java:1160)
	at org.eclipse.jetty.servlet.ServletHandler.doScope(ServletHandler.java:511)
	at org.eclipse.jetty.server.handler.ContextHandler.doScope(ContextHandler.java:1092)
	at org.eclipse.jetty.server.handler.ScopedHandler.handle(ScopedHandler.java:141)
	at org.eclipse.jetty.server.handler.HandlerWrapper.handle(HandlerWrapper.java:134)
	at org.eclipse.jetty.server.Server.handle(Server.java:518)
	at org.eclipse.jetty.server.HttpChannel.handle(HttpChannel.java:308)
	at org.eclipse.jetty.server.HttpConnection.onFillable(HttpConnection.java:244)
	at org.eclipse.jetty.io.AbstractConnection$ReadCallback.succeeded(AbstractConnection.java:273)
	at org.eclipse.jetty.io.FillInterest.fillable(FillInterest.java:95)
	at org.eclipse.jetty.io.SelectChannelEndPoint$2.run(SelectChannelEndPoint.java:93)
	at org.eclipse.jetty.util.thread.strategy.ExecuteProduceConsume.produceAndRun(ExecuteProduceConsume.java:246)
	at org.eclipse.jetty.util.thread.strategy.ExecuteProduceConsume.run(ExecuteProduceConsume.java:156)
	at org.eclipse.jetty.util.thread.QueuedThreadPool.runJob(QueuedThreadPool.java:654)
	at org.eclipse.jetty.util.thread.QueuedThreadPool$3.run(QueuedThreadPool.java:572)
	at java.lang.Thread.run(Thread.java:748)
Caused by: clojure.lang.ExceptionInfo: clj-http: status 405
	at slingshot.support$stack_trace.invoke(support.clj:201)
	at clj_http.client$exceptions_response.invokeStatic(client.clj:240)
	at clj_http.client$exceptions_response.invoke(client.clj:231)
	at clj_http.client$wrap_exceptions$fn__15682.invoke(client.clj:249)
	at clj_http.client$wrap_accept$fn__15934.invoke(client.clj:726)
	at clj_http.client$wrap_accept_encoding$fn__15941.invoke(client.clj:748)
	at clj_http.client$wrap_content_type$fn__15928.invoke(client.clj:709)
	at clj_http.client$wrap_form_params$fn__16031.invoke(client.clj:950)
	at clj_http.client$wrap_nested_params$fn__16048.invoke(client.clj:984)
	at clj_http.client$wrap_flatten_nested_params$fn__16057.invoke(client.clj:1008)
	at clj_http.client$wrap_method$fn__15989.invoke(client.clj:884)
	at clj_http.cookies$wrap_cookies$fn__13971.invoke(cookies.clj:131)
	at clj_http.links$wrap_links$fn__15403.invoke(links.clj:63)
	at clj_http.client$wrap_unknown_host$fn__16065.invoke(client.clj:1037)
	at clj_http.client$request_STAR_.invokeStatic(client.clj:1165)
	at clj_http.client$request_STAR_.invoke(client.clj:1158)
	at clj_http.client$post.invokeStatic(client.clj:1183)
	at clj_http.client$post.doInvoke(client.clj:1179)
	at clojure.lang.RestFn.invoke(RestFn.java:423)
	at server_sent_events.service$k3s_apply_statefulset_handler.invokeStatic(service.clj:111)
	at server_sent_events.service$k3s_apply_statefulset_handler.invoke(service.clj:109)
	at io.pedestal.interceptor$eval168$fn__169$fn__170.invoke(interceptor.clj:41)
	at io.pedestal.interceptor.chain$try_f.invokeStatic(chain.clj:52)
	... 38 common frames omitted
18:12:53.679 [qtp1725565623-15] INFO  i.p.http.impl.servlet-interceptor - {:msg "sending error", :message "Internal server error: exception", :line 214}
18:18:09.344 [main] INFO  org.eclipse.jetty.util.log - Logging initialized @17914ms
18:18:09.687 [main] INFO  org.eclipse.jetty.server.Server - jetty-9.3.8.v20160314
18:18:09.738 [main] INFO  o.e.j.server.handler.ContextHandler - Started o.e.j.s.ServletContextHandler@162be846{/,null,AVAILABLE}
18:18:09.828 [main] INFO  o.e.jetty.server.ServerConnector - Started ServerConnector@49aefbf4{HTTP/1.1,[http/1.1, h2c, h2c-17, h2c-16, h2c-15, h2c-14]}{0.0.0.0:8080}
18:18:09.829 [main] INFO  org.eclipse.jetty.server.Server - Started @18406ms
18:18:25.285 [qtp1725565623-13] INFO  io.pedestal.http - {:msg "GET /k3s-apply-statefulset", :line 78}
18:18:25.401 [qtp1725565623-13] ERROR i.p.http.impl.servlet-interceptor - {:msg "error-ring-response triggered", :context {:response nil, :io.pedestal.interceptor.chain/stack (#Interceptor{:name :io.pedestal.http.impl.servlet-interceptor/stylobate} #Interceptor{:name :io.pedestal.http.impl.servlet-interceptor/terminator-injector}), :request {:protocol "HTTP/1.1", :async-supported? true, :remote-addr "127.0.0.1", :servlet-response #object[org.eclipse.jetty.server.Response 0xd0041d6 "HTTP/1.1 200 \nDate: Wed, 22 Apr 2020 23:18:25 GMT\r\n\r\n"], :servlet #object[io.pedestal.http.servlet.FnServlet 0x12275dbc "io.pedestal.http.servlet.FnServlet@12275dbc"], :headers {"user-agent" "curl/7.58.0", "accept" "*/*", "host" "0.0.0.0:8080"}, :server-port 8080, :servlet-request #object[org.eclipse.jetty.server.Request 0x17720481 "Request(GET //0.0.0.0:8080/k3s-apply-statefulset)@17720481"], :path-info "/k3s-apply-statefulset", :url-for #object[io.pedestal.http.route$url_for_routes$fn__9608 0x2b0c8d46 "io.pedestal.http.route$url_for_routes$fn__9608@2b0c8d46"], :uri "/k3s-apply-statefulset", :server-name "0.0.0.0", :query-string nil, :path-params {}, :body #object[org.eclipse.jetty.server.HttpInputOverHTTP 0x4e33b55 "HttpInputOverHTTP@4e33b55[c=0,s=STREAM]"], :scheme :http, :request-method :get}, :bindings {#'io.pedestal.http.route/*url-for* #object[io.pedestal.http.route$url_for_routes$fn__9608 0x2b0c8d46 "io.pedestal.http.route$url_for_routes$fn__9608@2b0c8d46"]}, :enter-async [#object[io.pedestal.http.impl.servlet_interceptor$start_servlet_async 0x968e9e3 "io.pedestal.http.impl.servlet_interceptor$start_servlet_async@968e9e3"]], :io.pedestal.interceptor.chain/terminators (#object[io.pedestal.http.impl.servlet_interceptor$terminator_inject$fn__12346 0x8d495b0 "io.pedestal.http.impl.servlet_interceptor$terminator_inject$fn__12346@8d495b0"]), :servlet-response #object[org.eclipse.jetty.server.Response 0xd0041d6 "HTTP/1.1 200 \nDate: Wed, 22 Apr 2020 23:18:25 GMT\r\n\r\n"], :route {:path-parts ["k3s-apply-statefulset"], :path-params {}, :interceptors [#Interceptor{:name :server-sent-events.service/k3s-apply-statefulset-handler}], :path "/k3s-apply-statefulset", :method :get, :path-re #"/\Qk3s-apply-statefulset\E", :route-name :server-sent-events.service/k3s-apply-statefulset-handler, :io.pedestal.http.route.prefix-tree/satisfies-constraints? #object[clojure.core$constantly$fn__4614 0x3557370c "clojure.core$constantly$fn__4614@3557370c"]}, :servlet #object[io.pedestal.http.servlet.FnServlet 0x12275dbc "io.pedestal.http.servlet.FnServlet@12275dbc"], :servlet-request #object[org.eclipse.jetty.server.Request 0x17720481 "Request(GET //0.0.0.0:8080/k3s-apply-statefulset)@17720481"], :url-for #object[io.pedestal.http.route$url_for_routes$fn__9608 0x2b0c8d46 "io.pedestal.http.route$url_for_routes$fn__9608@2b0c8d46"], :io.pedestal.interceptor.chain/execution-id 1, :servlet-config #object[org.eclipse.jetty.servlet.ServletHolder$Config 0x1c9d0e3 "org.eclipse.jetty.servlet.ServletHolder$Config@1c9d0e3"], :async? #object[io.pedestal.http.impl.servlet_interceptor$servlet_async_QMARK_ 0x46a87afd "io.pedestal.http.impl.servlet_interceptor$servlet_async_QMARK_@46a87afd"]}, :line 252}
clojure.lang.ExceptionInfo: Interceptor Exception: clojure.lang.PersistentArrayMap cannot be cast to [B
	at clojure.core$ex_info.invokeStatic(core.clj:4617)
	at clojure.core$ex_info.invoke(core.clj:4617)
	at io.pedestal.interceptor.chain$throwable__GT_ex_info.invokeStatic(chain.clj:33)
	at io.pedestal.interceptor.chain$throwable__GT_ex_info.invoke(chain.clj:32)
	at io.pedestal.interceptor.chain$try_f.invokeStatic(chain.clj:55)
	at io.pedestal.interceptor.chain$try_f.invoke(chain.clj:42)
	at io.pedestal.interceptor.chain$process_all_with_binding.invokeStatic(chain.clj:152)
	at io.pedestal.interceptor.chain$process_all_with_binding.invoke(chain.clj:129)
	at io.pedestal.interceptor.chain$process_all$fn__8687.invoke(chain.clj:165)
	at clojure.lang.AFn.applyToHelper(AFn.java:152)
	at clojure.lang.AFn.applyTo(AFn.java:144)
	at clojure.core$apply.invokeStatic(core.clj:646)
	at clojure.core$with_bindings_STAR_.invokeStatic(core.clj:1881)
	at clojure.core$with_bindings_STAR_.doInvoke(core.clj:1881)
	at clojure.lang.RestFn.invoke(RestFn.java:425)
	at io.pedestal.interceptor.chain$process_all.invokeStatic(chain.clj:163)
	at io.pedestal.interceptor.chain$process_all.invoke(chain.clj:159)
	at io.pedestal.interceptor.chain$enter_all.invokeStatic(chain.clj:212)
	at io.pedestal.interceptor.chain$enter_all.invoke(chain.clj:206)
	at io.pedestal.interceptor.chain$execute.invokeStatic(chain.clj:356)
	at io.pedestal.interceptor.chain$execute.invoke(chain.clj:329)
	at io.pedestal.interceptor.chain$execute.invokeStatic(chain.clj:366)
	at io.pedestal.interceptor.chain$execute.invoke(chain.clj:329)
	at io.pedestal.http.impl.servlet_interceptor$interceptor_service_fn$fn__12371.invoke(servlet_interceptor.clj:350)
	at io.pedestal.http.servlet.FnServlet.service(servlet.clj:28)
	at org.eclipse.jetty.servlet.ServletHolder.handle(ServletHolder.java:845)
	at org.eclipse.jetty.servlet.ServletHandler.doHandle(ServletHandler.java:583)
	at org.eclipse.jetty.server.handler.ContextHandler.doHandle(ContextHandler.java:1160)
	at org.eclipse.jetty.servlet.ServletHandler.doScope(ServletHandler.java:511)
	at org.eclipse.jetty.server.handler.ContextHandler.doScope(ContextHandler.java:1092)
	at org.eclipse.jetty.server.handler.ScopedHandler.handle(ScopedHandler.java:141)
	at org.eclipse.jetty.server.handler.HandlerWrapper.handle(HandlerWrapper.java:134)
	at org.eclipse.jetty.server.Server.handle(Server.java:518)
	at org.eclipse.jetty.server.HttpChannel.handle(HttpChannel.java:308)
	at org.eclipse.jetty.server.HttpConnection.onFillable(HttpConnection.java:244)
	at org.eclipse.jetty.io.AbstractConnection$ReadCallback.succeeded(AbstractConnection.java:273)
	at org.eclipse.jetty.io.FillInterest.fillable(FillInterest.java:95)
	at org.eclipse.jetty.io.SelectChannelEndPoint$2.run(SelectChannelEndPoint.java:93)
	at org.eclipse.jetty.util.thread.strategy.ExecuteProduceConsume.produceAndRun(ExecuteProduceConsume.java:246)
	at org.eclipse.jetty.util.thread.strategy.ExecuteProduceConsume.run(ExecuteProduceConsume.java:156)
	at org.eclipse.jetty.util.thread.QueuedThreadPool.runJob(QueuedThreadPool.java:654)
	at org.eclipse.jetty.util.thread.QueuedThreadPool$3.run(QueuedThreadPool.java:572)
	at java.lang.Thread.run(Thread.java:748)
Caused by: java.lang.ClassCastException: clojure.lang.PersistentArrayMap cannot be cast to [B
	at clj_http.core$request.invokeStatic(core.clj:626)
	at clj_http.core$request.invoke(core.clj:566)
	at clj_http.core$request.invokeStatic(core.clj:567)
	at clj_http.core$request.invoke(core.clj:566)
	at clojure.lang.Var.invoke(Var.java:379)
	at clj_http.client$wrap_request_timing$fn__16080.invoke(client.clj:1074)
	at clj_http.headers$wrap_header_map$fn__15042.invoke(headers.clj:152)
	at clj_http.client$wrap_query_params$fn__15966.invoke(client.clj:808)
	at clj_http.client$wrap_basic_auth$fn__15972.invoke(client.clj:831)
	at clj_http.client$wrap_oauth$fn__15977.invoke(client.clj:848)
	at clj_http.client$wrap_user_info$fn__15984.invoke(client.clj:868)
	at clj_http.client$wrap_url$fn__16062.invoke(client.clj:1026)
	at clj_http.client$wrap_decompression$fn__15735.invoke(client.clj:415)
	at clj_http.client$wrap_input_coercion$fn__15894.invoke(client.clj:628)
	at clj_http.client$wrap_additional_header_parsing$fn__15919.invoke(client.clj:683)
	at clj_http.client$wrap_output_coercion$fn__15881.invoke(client.clj:572)
	at clj_http.client$wrap_exceptions$fn__15682.invoke(client.clj:249)
	at clj_http.client$wrap_accept$fn__15934.invoke(client.clj:726)
	at clj_http.client$wrap_accept_encoding$fn__15941.invoke(client.clj:748)
	at clj_http.client$wrap_content_type$fn__15928.invoke(client.clj:709)
	at clj_http.client$wrap_form_params$fn__16031.invoke(client.clj:950)
	at clj_http.client$wrap_nested_params$fn__16048.invoke(client.clj:984)
	at clj_http.client$wrap_flatten_nested_params$fn__16057.invoke(client.clj:1008)
	at clj_http.client$wrap_method$fn__15989.invoke(client.clj:884)
	at clj_http.cookies$wrap_cookies$fn__13971.invoke(cookies.clj:131)
	at clj_http.links$wrap_links$fn__15403.invoke(links.clj:63)
	at clj_http.client$wrap_unknown_host$fn__16065.invoke(client.clj:1037)
	at clj_http.client$request_STAR_.invokeStatic(client.clj:1165)
	at clj_http.client$request_STAR_.invoke(client.clj:1158)
	at clj_http.client$post.invokeStatic(client.clj:1183)
	at clj_http.client$post.doInvoke(client.clj:1179)
	at clojure.lang.RestFn.invoke(RestFn.java:423)
	at server_sent_events.service$k3s_apply_statefulset_handler.invokeStatic(service.clj:111)
	at server_sent_events.service$k3s_apply_statefulset_handler.invoke(service.clj:109)
	at io.pedestal.interceptor$eval168$fn__169$fn__170.invoke(interceptor.clj:41)
	at io.pedestal.interceptor.chain$try_f.invokeStatic(chain.clj:52)
	... 38 common frames omitted
18:18:25.410 [qtp1725565623-13] INFO  i.p.http.impl.servlet-interceptor - {:msg "sending error", :message "Internal server error: exception", :line 214}
18:27:18.165 [main] INFO  org.eclipse.jetty.util.log - Logging initialized @17782ms
18:27:18.626 [main] INFO  org.eclipse.jetty.server.Server - jetty-9.3.8.v20160314
18:27:18.752 [main] INFO  o.e.j.server.handler.ContextHandler - Started o.e.j.s.ServletContextHandler@162be846{/,null,AVAILABLE}
18:27:18.886 [main] INFO  o.e.jetty.server.ServerConnector - Started ServerConnector@49aefbf4{HTTP/1.1,[http/1.1, h2c, h2c-17, h2c-16, h2c-15, h2c-14]}{0.0.0.0:8080}
18:27:18.887 [main] INFO  org.eclipse.jetty.server.Server - Started @18508ms
18:27:27.600 [qtp1725565623-13] INFO  io.pedestal.http - {:msg "GET /k3s-apply-statefulset", :line 78}
18:27:28.056 [qtp1725565623-13] ERROR i.p.http.impl.servlet-interceptor - {:msg "error-ring-response triggered", :context {:response nil, :io.pedestal.interceptor.chain/stack (#Interceptor{:name :io.pedestal.http.impl.servlet-interceptor/stylobate} #Interceptor{:name :io.pedestal.http.impl.servlet-interceptor/terminator-injector}), :request {:protocol "HTTP/1.1", :async-supported? true, :remote-addr "127.0.0.1", :servlet-response #object[org.eclipse.jetty.server.Response 0x65b474db "HTTP/1.1 200 \nDate: Wed, 22 Apr 2020 23:27:27 GMT\r\n\r\n"], :servlet #object[io.pedestal.http.servlet.FnServlet 0x444cba1a "io.pedestal.http.servlet.FnServlet@444cba1a"], :headers {"user-agent" "curl/7.58.0", "accept" "*/*", "host" "0.0.0.0:8080"}, :server-port 8080, :servlet-request #object[org.eclipse.jetty.server.Request 0x4f15c03b "Request(GET //0.0.0.0:8080/k3s-apply-statefulset)@4f15c03b"], :path-info "/k3s-apply-statefulset", :url-for #object[io.pedestal.http.route$url_for_routes$fn__9608 0x497074a5 "io.pedestal.http.route$url_for_routes$fn__9608@497074a5"], :uri "/k3s-apply-statefulset", :server-name "0.0.0.0", :query-string nil, :path-params {}, :body #object[org.eclipse.jetty.server.HttpInputOverHTTP 0x6af3104f "HttpInputOverHTTP@6af3104f[c=0,s=STREAM]"], :scheme :http, :request-method :get}, :bindings {#'io.pedestal.http.route/*url-for* #object[io.pedestal.http.route$url_for_routes$fn__9608 0x497074a5 "io.pedestal.http.route$url_for_routes$fn__9608@497074a5"]}, :enter-async [#object[io.pedestal.http.impl.servlet_interceptor$start_servlet_async 0x23c63db6 "io.pedestal.http.impl.servlet_interceptor$start_servlet_async@23c63db6"]], :io.pedestal.interceptor.chain/terminators (#object[io.pedestal.http.impl.servlet_interceptor$terminator_inject$fn__12346 0x1580e877 "io.pedestal.http.impl.servlet_interceptor$terminator_inject$fn__12346@1580e877"]), :servlet-response #object[org.eclipse.jetty.server.Response 0x65b474db "HTTP/1.1 200 \nDate: Wed, 22 Apr 2020 23:27:27 GMT\r\n\r\n"], :route {:path-parts ["k3s-apply-statefulset"], :path-params {}, :interceptors [#Interceptor{:name :server-sent-events.service/k3s-apply-statefulset-handler}], :path "/k3s-apply-statefulset", :method :get, :path-re #"/\Qk3s-apply-statefulset\E", :route-name :server-sent-events.service/k3s-apply-statefulset-handler, :io.pedestal.http.route.prefix-tree/satisfies-constraints? #object[clojure.core$constantly$fn__4614 0x437dc2f9 "clojure.core$constantly$fn__4614@437dc2f9"]}, :servlet #object[io.pedestal.http.servlet.FnServlet 0x444cba1a "io.pedestal.http.servlet.FnServlet@444cba1a"], :servlet-request #object[org.eclipse.jetty.server.Request 0x4f15c03b "Request(GET //0.0.0.0:8080/k3s-apply-statefulset)@4f15c03b"], :url-for #object[io.pedestal.http.route$url_for_routes$fn__9608 0x497074a5 "io.pedestal.http.route$url_for_routes$fn__9608@497074a5"], :io.pedestal.interceptor.chain/execution-id 1, :servlet-config #object[org.eclipse.jetty.servlet.ServletHolder$Config 0x5bfbd5e2 "org.eclipse.jetty.servlet.ServletHolder$Config@5bfbd5e2"], :async? #object[io.pedestal.http.impl.servlet_interceptor$servlet_async_QMARK_ 0x13fc9463 "io.pedestal.http.impl.servlet_interceptor$servlet_async_QMARK_@13fc9463"]}, :line 252}
clojure.lang.ExceptionInfo: Interceptor Exception: clj-http: status 405
	at clojure.core$ex_info.invokeStatic(core.clj:4617)
	at clojure.core$ex_info.invoke(core.clj:4617)
	at io.pedestal.interceptor.chain$throwable__GT_ex_info.invokeStatic(chain.clj:33)
	at io.pedestal.interceptor.chain$throwable__GT_ex_info.invoke(chain.clj:32)
	at io.pedestal.interceptor.chain$try_f.invokeStatic(chain.clj:55)
	at io.pedestal.interceptor.chain$try_f.invoke(chain.clj:42)
	at io.pedestal.interceptor.chain$process_all_with_binding.invokeStatic(chain.clj:152)
	at io.pedestal.interceptor.chain$process_all_with_binding.invoke(chain.clj:129)
	at io.pedestal.interceptor.chain$process_all$fn__8687.invoke(chain.clj:165)
	at clojure.lang.AFn.applyToHelper(AFn.java:152)
	at clojure.lang.AFn.applyTo(AFn.java:144)
	at clojure.core$apply.invokeStatic(core.clj:646)
	at clojure.core$with_bindings_STAR_.invokeStatic(core.clj:1881)
	at clojure.core$with_bindings_STAR_.doInvoke(core.clj:1881)
	at clojure.lang.RestFn.invoke(RestFn.java:425)
	at io.pedestal.interceptor.chain$process_all.invokeStatic(chain.clj:163)
	at io.pedestal.interceptor.chain$process_all.invoke(chain.clj:159)
	at io.pedestal.interceptor.chain$enter_all.invokeStatic(chain.clj:212)
	at io.pedestal.interceptor.chain$enter_all.invoke(chain.clj:206)
	at io.pedestal.interceptor.chain$execute.invokeStatic(chain.clj:356)
	at io.pedestal.interceptor.chain$execute.invoke(chain.clj:329)
	at io.pedestal.interceptor.chain$execute.invokeStatic(chain.clj:366)
	at io.pedestal.interceptor.chain$execute.invoke(chain.clj:329)
	at io.pedestal.http.impl.servlet_interceptor$interceptor_service_fn$fn__12371.invoke(servlet_interceptor.clj:350)
	at io.pedestal.http.servlet.FnServlet.service(servlet.clj:28)
	at org.eclipse.jetty.servlet.ServletHolder.handle(ServletHolder.java:845)
	at org.eclipse.jetty.servlet.ServletHandler.doHandle(ServletHandler.java:583)
	at org.eclipse.jetty.server.handler.ContextHandler.doHandle(ContextHandler.java:1160)
	at org.eclipse.jetty.servlet.ServletHandler.doScope(ServletHandler.java:511)
	at org.eclipse.jetty.server.handler.ContextHandler.doScope(ContextHandler.java:1092)
	at org.eclipse.jetty.server.handler.ScopedHandler.handle(ScopedHandler.java:141)
	at org.eclipse.jetty.server.handler.HandlerWrapper.handle(HandlerWrapper.java:134)
	at org.eclipse.jetty.server.Server.handle(Server.java:518)
	at org.eclipse.jetty.server.HttpChannel.handle(HttpChannel.java:308)
	at org.eclipse.jetty.server.HttpConnection.onFillable(HttpConnection.java:244)
	at org.eclipse.jetty.io.AbstractConnection$ReadCallback.succeeded(AbstractConnection.java:273)
	at org.eclipse.jetty.io.FillInterest.fillable(FillInterest.java:95)
	at org.eclipse.jetty.io.SelectChannelEndPoint$2.run(SelectChannelEndPoint.java:93)
	at org.eclipse.jetty.util.thread.strategy.ExecuteProduceConsume.produceAndRun(ExecuteProduceConsume.java:246)
	at org.eclipse.jetty.util.thread.strategy.ExecuteProduceConsume.run(ExecuteProduceConsume.java:156)
	at org.eclipse.jetty.util.thread.QueuedThreadPool.runJob(QueuedThreadPool.java:654)
	at org.eclipse.jetty.util.thread.QueuedThreadPool$3.run(QueuedThreadPool.java:572)
	at java.lang.Thread.run(Thread.java:748)
Caused by: clojure.lang.ExceptionInfo: clj-http: status 405
	at slingshot.support$stack_trace.invoke(support.clj:201)
	at clj_http.client$exceptions_response.invokeStatic(client.clj:240)
	at clj_http.client$exceptions_response.invoke(client.clj:231)
	at clj_http.client$wrap_exceptions$fn__15682.invoke(client.clj:249)
	at clj_http.client$wrap_accept$fn__15934.invoke(client.clj:726)
	at clj_http.client$wrap_accept_encoding$fn__15941.invoke(client.clj:748)
	at clj_http.client$wrap_content_type$fn__15928.invoke(client.clj:709)
	at clj_http.client$wrap_form_params$fn__16031.invoke(client.clj:950)
	at clj_http.client$wrap_nested_params$fn__16048.invoke(client.clj:984)
	at clj_http.client$wrap_flatten_nested_params$fn__16057.invoke(client.clj:1008)
	at clj_http.client$wrap_method$fn__15989.invoke(client.clj:884)
	at clj_http.cookies$wrap_cookies$fn__13971.invoke(cookies.clj:131)
	at clj_http.links$wrap_links$fn__15403.invoke(links.clj:63)
	at clj_http.client$wrap_unknown_host$fn__16065.invoke(client.clj:1037)
	at clj_http.client$request_STAR_.invokeStatic(client.clj:1165)
	at clj_http.client$request_STAR_.invoke(client.clj:1158)
	at clj_http.client$post.invokeStatic(client.clj:1183)
	at clj_http.client$post.doInvoke(client.clj:1179)
	at clojure.lang.RestFn.invoke(RestFn.java:423)
	at server_sent_events.service$k3s_apply_statefulset_handler.invokeStatic(service.clj:111)
	at server_sent_events.service$k3s_apply_statefulset_handler.invoke(service.clj:109)
	at io.pedestal.interceptor$eval168$fn__169$fn__170.invoke(interceptor.clj:41)
	at io.pedestal.interceptor.chain$try_f.invokeStatic(chain.clj:52)
	... 38 common frames omitted
18:27:28.062 [qtp1725565623-13] INFO  i.p.http.impl.servlet-interceptor - {:msg "sending error", :message "Internal server error: exception", :line 214}
18:32:41.363 [main] INFO  org.eclipse.jetty.util.log - Logging initialized @29430ms
18:32:44.235 [main] INFO  org.eclipse.jetty.server.Server - jetty-9.3.8.v20160314
18:32:44.730 [main] INFO  o.e.j.server.handler.ContextHandler - Started o.e.j.s.ServletContextHandler@162be846{/,null,AVAILABLE}
18:32:46.288 [main] INFO  o.e.jetty.server.ServerConnector - Started ServerConnector@f91a7ae{HTTP/1.1,[http/1.1, h2c, h2c-17, h2c-16, h2c-15, h2c-14]}{0.0.0.0:8080}
18:32:46.312 [main] INFO  org.eclipse.jetty.server.Server - Started @34452ms
18:33:01.779 [qtp1725565623-14] INFO  io.pedestal.http - {:msg "GET /k3s-apply-statefulset", :line 78}
18:33:17.419 [qtp1725565623-14] ERROR i.p.http.impl.servlet-interceptor - {:msg "error-ring-response triggered", :context {:response nil, :io.pedestal.interceptor.chain/stack (#Interceptor{:name :io.pedestal.http.impl.servlet-interceptor/stylobate} #Interceptor{:name :io.pedestal.http.impl.servlet-interceptor/terminator-injector}), :request {:protocol "HTTP/1.1", :async-supported? true, :remote-addr "127.0.0.1", :servlet-response #object[org.eclipse.jetty.server.Response 0x78f0b4db "HTTP/1.1 200 \nDate: Wed, 22 Apr 2020 23:33:01 GMT\r\n\r\n"], :servlet #object[io.pedestal.http.servlet.FnServlet 0x2009aadb "io.pedestal.http.servlet.FnServlet@2009aadb"], :headers {"user-agent" "curl/7.58.0", "accept" "*/*", "host" "0.0.0.0:8080"}, :server-port 8080, :servlet-request #object[org.eclipse.jetty.server.Request 0xe47f46b "Request(GET //0.0.0.0:8080/k3s-apply-statefulset)@e47f46b"], :path-info "/k3s-apply-statefulset", :url-for #object[io.pedestal.http.route$url_for_routes$fn__9608 0x15bcb401 "io.pedestal.http.route$url_for_routes$fn__9608@15bcb401"], :uri "/k3s-apply-statefulset", :server-name "0.0.0.0", :query-string nil, :path-params {}, :body #object[org.eclipse.jetty.server.HttpInputOverHTTP 0x6d69dff8 "HttpInputOverHTTP@6d69dff8[c=0,s=STREAM]"], :scheme :http, :request-method :get}, :bindings {#'io.pedestal.http.route/*url-for* #object[io.pedestal.http.route$url_for_routes$fn__9608 0x15bcb401 "io.pedestal.http.route$url_for_routes$fn__9608@15bcb401"]}, :enter-async [#object[io.pedestal.http.impl.servlet_interceptor$start_servlet_async 0x7619c2c2 "io.pedestal.http.impl.servlet_interceptor$start_servlet_async@7619c2c2"]], :io.pedestal.interceptor.chain/terminators (#object[io.pedestal.http.impl.servlet_interceptor$terminator_inject$fn__12346 0x63f87b5e "io.pedestal.http.impl.servlet_interceptor$terminator_inject$fn__12346@63f87b5e"]), :servlet-response #object[org.eclipse.jetty.server.Response 0x78f0b4db "HTTP/1.1 200 \nDate: Wed, 22 Apr 2020 23:33:01 GMT\r\n\r\n"], :route {:path-parts ["k3s-apply-statefulset"], :path-params {}, :interceptors [#Interceptor{:name :server-sent-events.service/k3s-apply-statefulset-handler}], :path "/k3s-apply-statefulset", :method :get, :path-re #"/\Qk3s-apply-statefulset\E", :route-name :server-sent-events.service/k3s-apply-statefulset-handler, :io.pedestal.http.route.prefix-tree/satisfies-constraints? #object[clojure.core$constantly$fn__4614 0x25bb8c96 "clojure.core$constantly$fn__4614@25bb8c96"]}, :servlet #object[io.pedestal.http.servlet.FnServlet 0x2009aadb "io.pedestal.http.servlet.FnServlet@2009aadb"], :servlet-request #object[org.eclipse.jetty.server.Request 0xe47f46b "Request(GET //0.0.0.0:8080/k3s-apply-statefulset)@e47f46b"], :url-for #object[io.pedestal.http.route$url_for_routes$fn__9608 0x15bcb401 "io.pedestal.http.route$url_for_routes$fn__9608@15bcb401"], :io.pedestal.interceptor.chain/execution-id 1, :servlet-config #object[org.eclipse.jetty.servlet.ServletHolder$Config 0x55ecb063 "org.eclipse.jetty.servlet.ServletHolder$Config@55ecb063"], :async? #object[io.pedestal.http.impl.servlet_interceptor$servlet_async_QMARK_ 0x45fca124 "io.pedestal.http.impl.servlet_interceptor$servlet_async_QMARK_@45fca124"]}, :line 252}
clojure.lang.ExceptionInfo: Interceptor Exception: clj-http: status 502
	at clojure.core$ex_info.invokeStatic(core.clj:4617)
	at clojure.core$ex_info.invoke(core.clj:4617)
	at io.pedestal.interceptor.chain$throwable__GT_ex_info.invokeStatic(chain.clj:33)
	at io.pedestal.interceptor.chain$throwable__GT_ex_info.invoke(chain.clj:32)
	at io.pedestal.interceptor.chain$try_f.invokeStatic(chain.clj:55)
	at io.pedestal.interceptor.chain$try_f.invoke(chain.clj:42)
	at io.pedestal.interceptor.chain$process_all_with_binding.invokeStatic(chain.clj:152)
	at io.pedestal.interceptor.chain$process_all_with_binding.invoke(chain.clj:129)
	at io.pedestal.interceptor.chain$process_all$fn__8687.invoke(chain.clj:165)
	at clojure.lang.AFn.applyToHelper(AFn.java:152)
	at clojure.lang.AFn.applyTo(AFn.java:144)
	at clojure.core$apply.invokeStatic(core.clj:646)
	at clojure.core$with_bindings_STAR_.invokeStatic(core.clj:1881)
	at clojure.core$with_bindings_STAR_.doInvoke(core.clj:1881)
	at clojure.lang.RestFn.invoke(RestFn.java:425)
	at io.pedestal.interceptor.chain$process_all.invokeStatic(chain.clj:163)
	at io.pedestal.interceptor.chain$process_all.invoke(chain.clj:159)
	at io.pedestal.interceptor.chain$enter_all.invokeStatic(chain.clj:212)
	at io.pedestal.interceptor.chain$enter_all.invoke(chain.clj:206)
	at io.pedestal.interceptor.chain$execute.invokeStatic(chain.clj:356)
	at io.pedestal.interceptor.chain$execute.invoke(chain.clj:329)
	at io.pedestal.interceptor.chain$execute.invokeStatic(chain.clj:366)
	at io.pedestal.interceptor.chain$execute.invoke(chain.clj:329)
	at io.pedestal.http.impl.servlet_interceptor$interceptor_service_fn$fn__12371.invoke(servlet_interceptor.clj:350)
	at io.pedestal.http.servlet.FnServlet.service(servlet.clj:28)
	at org.eclipse.jetty.servlet.ServletHolder.handle(ServletHolder.java:845)
	at org.eclipse.jetty.servlet.ServletHandler.doHandle(ServletHandler.java:583)
	at org.eclipse.jetty.server.handler.ContextHandler.doHandle(ContextHandler.java:1160)
	at org.eclipse.jetty.servlet.ServletHandler.doScope(ServletHandler.java:511)
	at org.eclipse.jetty.server.handler.ContextHandler.doScope(ContextHandler.java:1092)
	at org.eclipse.jetty.server.handler.ScopedHandler.handle(ScopedHandler.java:141)
	at org.eclipse.jetty.server.handler.HandlerWrapper.handle(HandlerWrapper.java:134)
	at org.eclipse.jetty.server.Server.handle(Server.java:518)
	at org.eclipse.jetty.server.HttpChannel.handle(HttpChannel.java:308)
	at org.eclipse.jetty.server.HttpConnection.onFillable(HttpConnection.java:244)
	at org.eclipse.jetty.io.AbstractConnection$ReadCallback.succeeded(AbstractConnection.java:273)
	at org.eclipse.jetty.io.FillInterest.fillable(FillInterest.java:95)
	at org.eclipse.jetty.io.SelectChannelEndPoint$2.run(SelectChannelEndPoint.java:93)
	at org.eclipse.jetty.util.thread.strategy.ExecuteProduceConsume.produceAndRun(ExecuteProduceConsume.java:246)
	at org.eclipse.jetty.util.thread.strategy.ExecuteProduceConsume.run(ExecuteProduceConsume.java:156)
	at org.eclipse.jetty.util.thread.QueuedThreadPool.runJob(QueuedThreadPool.java:654)
	at org.eclipse.jetty.util.thread.QueuedThreadPool$3.run(QueuedThreadPool.java:572)
	at java.lang.Thread.run(Thread.java:748)
Caused by: clojure.lang.ExceptionInfo: clj-http: status 502
	at slingshot.support$stack_trace.invoke(support.clj:201)
	at clj_http.client$exceptions_response.invokeStatic(client.clj:240)
	at clj_http.client$exceptions_response.invoke(client.clj:231)
	at clj_http.client$wrap_exceptions$fn__15682.invoke(client.clj:249)
	at clj_http.client$wrap_accept$fn__15934.invoke(client.clj:726)
	at clj_http.client$wrap_accept_encoding$fn__15941.invoke(client.clj:748)
	at clj_http.client$wrap_content_type$fn__15928.invoke(client.clj:709)
	at clj_http.client$wrap_form_params$fn__16031.invoke(client.clj:950)
	at clj_http.client$wrap_nested_params$fn__16048.invoke(client.clj:984)
	at clj_http.client$wrap_flatten_nested_params$fn__16057.invoke(client.clj:1008)
	at clj_http.client$wrap_method$fn__15989.invoke(client.clj:884)
	at clj_http.cookies$wrap_cookies$fn__13971.invoke(cookies.clj:131)
	at clj_http.links$wrap_links$fn__15403.invoke(links.clj:63)
	at clj_http.client$wrap_unknown_host$fn__16065.invoke(client.clj:1037)
	at clj_http.client$request_STAR_.invokeStatic(client.clj:1165)
	at clj_http.client$request_STAR_.invoke(client.clj:1158)
	at clj_http.client$post.invokeStatic(client.clj:1183)
	at clj_http.client$post.doInvoke(client.clj:1179)
	at clojure.lang.RestFn.invoke(RestFn.java:423)
	at server_sent_events.service$k3s_apply_statefulset_handler.invokeStatic(service.clj:111)
	at server_sent_events.service$k3s_apply_statefulset_handler.invoke(service.clj:109)
	at io.pedestal.interceptor$eval168$fn__169$fn__170.invoke(interceptor.clj:41)
	at io.pedestal.interceptor.chain$try_f.invokeStatic(chain.clj:52)
	... 38 common frames omitted
18:33:17.439 [qtp1725565623-14] INFO  i.p.http.impl.servlet-interceptor - {:msg "sending error", :message "Internal server error: exception", :line 214}
18:37:30.426 [main] INFO  org.eclipse.jetty.util.log - Logging initialized @86133ms
18:37:53.129 [main] INFO  org.eclipse.jetty.server.Server - jetty-9.3.8.v20160314
18:38:12.265 [main] INFO  o.e.j.server.handler.ContextHandler - Started o.e.j.s.ServletContextHandler@162be846{/,null,AVAILABLE}
18:38:24.963 [main] INFO  o.e.jetty.server.ServerConnector - Started ServerConnector@6d7c3676{HTTP/1.1,[http/1.1, h2c, h2c-17, h2c-16, h2c-15, h2c-14]}{0.0.0.0:8080}
18:38:35.206 [main] INFO  org.eclipse.jetty.server.Server - Started @146695ms
18:40:13.352 [qtp1725565623-18] INFO  io.pedestal.http - {:msg "GET /k3s-apply-statefulset", :line 78}
18:42:10.903 [qtp1725565623-17] INFO  io.pedestal.http - {:msg "GET /k3s-apply-statefulset", :line 78}
18:47:47.424 [qtp1725565623-17] ERROR i.p.http.impl.servlet-interceptor - {:msg "error-ring-response triggered", :context {:response nil, :io.pedestal.interceptor.chain/stack (#Interceptor{:name :io.pedestal.http.impl.servlet-interceptor/stylobate} #Interceptor{:name :io.pedestal.http.impl.servlet-interceptor/terminator-injector}), :request {:protocol "HTTP/1.1", :async-supported? true, :remote-addr "127.0.0.1", :servlet-response #object[org.eclipse.jetty.server.Response 0x6918879b "HTTP/1.1 200 \nDate: Wed, 22 Apr 2020 23:42:10 GMT\r\n\r\n"], :servlet #object[io.pedestal.http.servlet.FnServlet 0x28082b88 "io.pedestal.http.servlet.FnServlet@28082b88"], :headers {"user-agent" "curl/7.58.0", "accept" "*/*", "host" "0.0.0.0:8080"}, :server-port 8080, :servlet-request #object[org.eclipse.jetty.server.Request 0x203f8e10 "Request(GET //0.0.0.0:8080/k3s-apply-statefulset)@203f8e10"], :path-info "/k3s-apply-statefulset", :url-for #object[io.pedestal.http.route$url_for_routes$fn__9608 0x64fcba69 "io.pedestal.http.route$url_for_routes$fn__9608@64fcba69"], :uri "/k3s-apply-statefulset", :server-name "0.0.0.0", :query-string nil, :path-params {}, :body #object[org.eclipse.jetty.server.HttpInputOverHTTP 0x49f5dd32 "HttpInputOverHTTP@49f5dd32[c=0,s=STREAM]"], :scheme :http, :request-method :get}, :bindings {#'io.pedestal.http.route/*url-for* #object[io.pedestal.http.route$url_for_routes$fn__9608 0x64fcba69 "io.pedestal.http.route$url_for_routes$fn__9608@64fcba69"]}, :enter-async [#object[io.pedestal.http.impl.servlet_interceptor$start_servlet_async 0x3b5c1fdd "io.pedestal.http.impl.servlet_interceptor$start_servlet_async@3b5c1fdd"]], :io.pedestal.interceptor.chain/terminators (#object[io.pedestal.http.impl.servlet_interceptor$terminator_inject$fn__12346 0x20c8fbef "io.pedestal.http.impl.servlet_interceptor$terminator_inject$fn__12346@20c8fbef"]), :servlet-response #object[org.eclipse.jetty.server.Response 0x6918879b "HTTP/1.1 200 \nDate: Wed, 22 Apr 2020 23:42:10 GMT\r\n\r\n"], :route {:path-parts ["k3s-apply-statefulset"], :path-params {}, :interceptors [#Interceptor{:name :server-sent-events.service/k3s-apply-statefulset-handler}], :path "/k3s-apply-statefulset", :method :get, :path-re #"/\Qk3s-apply-statefulset\E", :route-name :server-sent-events.service/k3s-apply-statefulset-handler, :io.pedestal.http.route.prefix-tree/satisfies-constraints? #object[clojure.core$constantly$fn__4614 0x7d757cf8 "clojure.core$constantly$fn__4614@7d757cf8"]}, :servlet #object[io.pedestal.http.servlet.FnServlet 0x28082b88 "io.pedestal.http.servlet.FnServlet@28082b88"], :servlet-request #object[org.eclipse.jetty.server.Request 0x203f8e10 "Request(GET //0.0.0.0:8080/k3s-apply-statefulset)@203f8e10"], :url-for #object[io.pedestal.http.route$url_for_routes$fn__9608 0x64fcba69 "io.pedestal.http.route$url_for_routes$fn__9608@64fcba69"], :io.pedestal.interceptor.chain/execution-id 2, :servlet-config #object[org.eclipse.jetty.servlet.ServletHolder$Config 0x5c7368bd "org.eclipse.jetty.servlet.ServletHolder$Config@5c7368bd"], :async? #object[io.pedestal.http.impl.servlet_interceptor$servlet_async_QMARK_ 0x61432972 "io.pedestal.http.impl.servlet_interceptor$servlet_async_QMARK_@61432972"]}, :line 252}
clojure.lang.ExceptionInfo: Interceptor Exception: clj-http: status 502
	at clojure.core$ex_info.invokeStatic(core.clj:4617)
	at clojure.core$ex_info.invoke(core.clj:4617)
	at io.pedestal.interceptor.chain$throwable__GT_ex_info.invokeStatic(chain.clj:33)
	at io.pedestal.interceptor.chain$throwable__GT_ex_info.invoke(chain.clj:32)
	at io.pedestal.interceptor.chain$try_f.invokeStatic(chain.clj:55)
	at io.pedestal.interceptor.chain$try_f.invoke(chain.clj:42)
	at io.pedestal.interceptor.chain$process_all_with_binding.invokeStatic(chain.clj:152)
	at io.pedestal.interceptor.chain$process_all_with_binding.invoke(chain.clj:129)
	at io.pedestal.interceptor.chain$process_all$fn__8687.invoke(chain.clj:165)
	at clojure.lang.AFn.applyToHelper(AFn.java:152)
	at clojure.lang.AFn.applyTo(AFn.java:144)
	at clojure.core$apply.invokeStatic(core.clj:646)
	at clojure.core$with_bindings_STAR_.invokeStatic(core.clj:1881)
	at clojure.core$with_bindings_STAR_.doInvoke(core.clj:1881)
	at clojure.lang.RestFn.invoke(RestFn.java:425)
	at io.pedestal.interceptor.chain$process_all.invokeStatic(chain.clj:163)
	at io.pedestal.interceptor.chain$process_all.invoke(chain.clj:159)
	at io.pedestal.interceptor.chain$enter_all.invokeStatic(chain.clj:212)
	at io.pedestal.interceptor.chain$enter_all.invoke(chain.clj:206)
	at io.pedestal.interceptor.chain$execute.invokeStatic(chain.clj:356)
	at io.pedestal.interceptor.chain$execute.invoke(chain.clj:329)
	at io.pedestal.interceptor.chain$execute.invokeStatic(chain.clj:366)
	at io.pedestal.interceptor.chain$execute.invoke(chain.clj:329)
	at io.pedestal.http.impl.servlet_interceptor$interceptor_service_fn$fn__12371.invoke(servlet_interceptor.clj:350)
	at io.pedestal.http.servlet.FnServlet.service(servlet.clj:28)
	at org.eclipse.jetty.servlet.ServletHolder.handle(ServletHolder.java:845)
	at org.eclipse.jetty.servlet.ServletHandler.doHandle(ServletHandler.java:583)
	at org.eclipse.jetty.server.handler.ContextHandler.doHandle(ContextHandler.java:1160)
	at org.eclipse.jetty.servlet.ServletHandler.doScope(ServletHandler.java:511)
	at org.eclipse.jetty.server.handler.ContextHandler.doScope(ContextHandler.java:1092)
	at org.eclipse.jetty.server.handler.ScopedHandler.handle(ScopedHandler.java:141)
	at org.eclipse.jetty.server.handler.HandlerWrapper.handle(HandlerWrapper.java:134)
	at org.eclipse.jetty.server.Server.handle(Server.java:518)
	at org.eclipse.jetty.server.HttpChannel.handle(HttpChannel.java:308)
	at org.eclipse.jetty.server.HttpConnection.onFillable(HttpConnection.java:244)
	at org.eclipse.jetty.io.AbstractConnection$ReadCallback.succeeded(AbstractConnection.java:273)
	at org.eclipse.jetty.io.FillInterest.fillable(FillInterest.java:95)
	at org.eclipse.jetty.io.SelectChannelEndPoint$2.run(SelectChannelEndPoint.java:93)
	at org.eclipse.jetty.util.thread.strategy.ExecuteProduceConsume.produceAndRun(ExecuteProduceConsume.java:246)
	at org.eclipse.jetty.util.thread.strategy.ExecuteProduceConsume.run(ExecuteProduceConsume.java:156)
	at org.eclipse.jetty.util.thread.QueuedThreadPool.runJob(QueuedThreadPool.java:654)
	at org.eclipse.jetty.util.thread.QueuedThreadPool$3.run(QueuedThreadPool.java:572)
	at java.lang.Thread.run(Thread.java:748)
Caused by: clojure.lang.ExceptionInfo: clj-http: status 502
	at slingshot.support$stack_trace.invoke(support.clj:201)
	at clj_http.client$exceptions_response.invokeStatic(client.clj:240)
	at clj_http.client$exceptions_response.invoke(client.clj:231)
	at clj_http.client$wrap_exceptions$fn__15682.invoke(client.clj:249)
	at clj_http.client$wrap_accept$fn__15934.invoke(client.clj:726)
	at clj_http.client$wrap_accept_encoding$fn__15941.invoke(client.clj:748)
	at clj_http.client$wrap_content_type$fn__15928.invoke(client.clj:709)
	at clj_http.client$wrap_form_params$fn__16031.invoke(client.clj:950)
	at clj_http.client$wrap_nested_params$fn__16048.invoke(client.clj:984)
	at clj_http.client$wrap_flatten_nested_params$fn__16057.invoke(client.clj:1008)
	at clj_http.client$wrap_method$fn__15989.invoke(client.clj:884)
	at clj_http.cookies$wrap_cookies$fn__13971.invoke(cookies.clj:131)
	at clj_http.links$wrap_links$fn__15403.invoke(links.clj:63)
	at clj_http.client$wrap_unknown_host$fn__16065.invoke(client.clj:1037)
	at clj_http.client$request_STAR_.invokeStatic(client.clj:1165)
	at clj_http.client$request_STAR_.invoke(client.clj:1158)
	at clj_http.client$post.invokeStatic(client.clj:1183)
	at clj_http.client$post.doInvoke(client.clj:1179)
	at clojure.lang.RestFn.invoke(RestFn.java:423)
	at server_sent_events.service$k3s_apply_statefulset_handler.invokeStatic(service.clj:111)
	at server_sent_events.service$k3s_apply_statefulset_handler.invoke(service.clj:109)
	at io.pedestal.interceptor$eval168$fn__169$fn__170.invoke(interceptor.clj:41)
	at io.pedestal.interceptor.chain$try_f.invokeStatic(chain.clj:52)
	... 38 common frames omitted
18:47:47.425 [qtp1725565623-18] ERROR i.p.http.impl.servlet-interceptor - {:msg "error-ring-response triggered", :context {:response nil, :io.pedestal.interceptor.chain/stack (#Interceptor{:name :io.pedestal.http.impl.servlet-interceptor/stylobate} #Interceptor{:name :io.pedestal.http.impl.servlet-interceptor/terminator-injector}), :request {:protocol "HTTP/1.1", :async-supported? true, :remote-addr "127.0.0.1", :servlet-response #object[org.eclipse.jetty.server.Response 0x51e3ff20 "HTTP/1.1 200 \nDate: Wed, 22 Apr 2020 23:39:54 GMT\r\n\r\n"], :servlet #object[io.pedestal.http.servlet.FnServlet 0x28082b88 "io.pedestal.http.servlet.FnServlet@28082b88"], :headers {"user-agent" "curl/7.58.0", "accept" "*/*", "host" "0.0.0.0:8080"}, :server-port 8080, :servlet-request #object[org.eclipse.jetty.server.Request 0x4272b42f "Request(GET //0.0.0.0:8080/k3s-apply-statefulset)@4272b42f"], :path-info "/k3s-apply-statefulset", :url-for #object[io.pedestal.http.route$url_for_routes$fn__9608 0x5461d6b4 "io.pedestal.http.route$url_for_routes$fn__9608@5461d6b4"], :uri "/k3s-apply-statefulset", :server-name "0.0.0.0", :query-string nil, :path-params {}, :body #object[org.eclipse.jetty.server.HttpInputOverHTTP 0x4ccadca5 "HttpInputOverHTTP@4ccadca5[c=0,s=STREAM]"], :scheme :http, :request-method :get}, :bindings {#'io.pedestal.http.route/*url-for* #object[io.pedestal.http.route$url_for_routes$fn__9608 0x5461d6b4 "io.pedestal.http.route$url_for_routes$fn__9608@5461d6b4"]}, :enter-async [#object[io.pedestal.http.impl.servlet_interceptor$start_servlet_async 0x3b5c1fdd "io.pedestal.http.impl.servlet_interceptor$start_servlet_async@3b5c1fdd"]], :io.pedestal.interceptor.chain/terminators (#object[io.pedestal.http.impl.servlet_interceptor$terminator_inject$fn__12346 0x147de785 "io.pedestal.http.impl.servlet_interceptor$terminator_inject$fn__12346@147de785"]), :servlet-response #object[org.eclipse.jetty.server.Response 0x51e3ff20 "HTTP/1.1 200 \nDate: Wed, 22 Apr 2020 23:39:54 GMT\r\n\r\n"], :route {:path-parts ["k3s-apply-statefulset"], :path-params {}, :interceptors [#Interceptor{:name :server-sent-events.service/k3s-apply-statefulset-handler}], :path "/k3s-apply-statefulset", :method :get, :path-re #"/\Qk3s-apply-statefulset\E", :route-name :server-sent-events.service/k3s-apply-statefulset-handler, :io.pedestal.http.route.prefix-tree/satisfies-constraints? #object[clojure.core$constantly$fn__4614 0x7d757cf8 "clojure.core$constantly$fn__4614@7d757cf8"]}, :servlet #object[io.pedestal.http.servlet.FnServlet 0x28082b88 "io.pedestal.http.servlet.FnServlet@28082b88"], :servlet-request #object[org.eclipse.jetty.server.Request 0x4272b42f "Request(GET //0.0.0.0:8080/k3s-apply-statefulset)@4272b42f"], :url-for #object[io.pedestal.http.route$url_for_routes$fn__9608 0x5461d6b4 "io.pedestal.http.route$url_for_routes$fn__9608@5461d6b4"], :io.pedestal.interceptor.chain/execution-id 1, :servlet-config #object[org.eclipse.jetty.servlet.ServletHolder$Config 0x5c7368bd "org.eclipse.jetty.servlet.ServletHolder$Config@5c7368bd"], :async? #object[io.pedestal.http.impl.servlet_interceptor$servlet_async_QMARK_ 0x61432972 "io.pedestal.http.impl.servlet_interceptor$servlet_async_QMARK_@61432972"]}, :line 252}
clojure.lang.ExceptionInfo: Interceptor Exception: clj-http: status 502
	at clojure.core$ex_info.invokeStatic(core.clj:4617)
	at clojure.core$ex_info.invoke(core.clj:4617)
	at io.pedestal.interceptor.chain$throwable__GT_ex_info.invokeStatic(chain.clj:33)
	at io.pedestal.interceptor.chain$throwable__GT_ex_info.invoke(chain.clj:32)
	at io.pedestal.interceptor.chain$try_f.invokeStatic(chain.clj:55)
	at io.pedestal.interceptor.chain$try_f.invoke(chain.clj:42)
	at io.pedestal.interceptor.chain$process_all_with_binding.invokeStatic(chain.clj:152)
	at io.pedestal.interceptor.chain$process_all_with_binding.invoke(chain.clj:129)
	at io.pedestal.interceptor.chain$process_all$fn__8687.invoke(chain.clj:165)
	at clojure.lang.AFn.applyToHelper(AFn.java:152)
	at clojure.lang.AFn.applyTo(AFn.java:144)
	at clojure.core$apply.invokeStatic(core.clj:646)
	at clojure.core$with_bindings_STAR_.invokeStatic(core.clj:1881)
	at clojure.core$with_bindings_STAR_.doInvoke(core.clj:1881)
	at clojure.lang.RestFn.invoke(RestFn.java:425)
	at io.pedestal.interceptor.chain$process_all.invokeStatic(chain.clj:163)
	at io.pedestal.interceptor.chain$process_all.invoke(chain.clj:159)
	at io.pedestal.interceptor.chain$enter_all.invokeStatic(chain.clj:212)
	at io.pedestal.interceptor.chain$enter_all.invoke(chain.clj:206)
	at io.pedestal.interceptor.chain$execute.invokeStatic(chain.clj:356)
	at io.pedestal.interceptor.chain$execute.invoke(chain.clj:329)
	at io.pedestal.interceptor.chain$execute.invokeStatic(chain.clj:366)
	at io.pedestal.interceptor.chain$execute.invoke(chain.clj:329)
	at io.pedestal.http.impl.servlet_interceptor$interceptor_service_fn$fn__12371.invoke(servlet_interceptor.clj:350)
	at io.pedestal.http.servlet.FnServlet.service(servlet.clj:28)
	at org.eclipse.jetty.servlet.ServletHolder.handle(ServletHolder.java:845)
	at org.eclipse.jetty.servlet.ServletHandler.doHandle(ServletHandler.java:583)
	at org.eclipse.jetty.server.handler.ContextHandler.doHandle(ContextHandler.java:1160)
	at org.eclipse.jetty.servlet.ServletHandler.doScope(ServletHandler.java:511)
	at org.eclipse.jetty.server.handler.ContextHandler.doScope(ContextHandler.java:1092)
	at org.eclipse.jetty.server.handler.ScopedHandler.handle(ScopedHandler.java:141)
	at org.eclipse.jetty.server.handler.HandlerWrapper.handle(HandlerWrapper.java:134)
	at org.eclipse.jetty.server.Server.handle(Server.java:518)
	at org.eclipse.jetty.server.HttpChannel.handle(HttpChannel.java:308)
	at org.eclipse.jetty.server.HttpConnection.onFillable(HttpConnection.java:244)
	at org.eclipse.jetty.io.AbstractConnection$ReadCallback.succeeded(AbstractConnection.java:273)
	at org.eclipse.jetty.io.FillInterest.fillable(FillInterest.java:95)
	at org.eclipse.jetty.io.SelectChannelEndPoint$2.run(SelectChannelEndPoint.java:93)
	at org.eclipse.jetty.util.thread.strategy.ExecuteProduceConsume.produceAndRun(ExecuteProduceConsume.java:246)
	at org.eclipse.jetty.util.thread.strategy.ExecuteProduceConsume.run(ExecuteProduceConsume.java:156)
	at org.eclipse.jetty.util.thread.QueuedThreadPool.runJob(QueuedThreadPool.java:654)
	at org.eclipse.jetty.util.thread.QueuedThreadPool$3.run(QueuedThreadPool.java:572)
	at java.lang.Thread.run(Thread.java:748)
Caused by: clojure.lang.ExceptionInfo: clj-http: status 502
	at slingshot.support$stack_trace.invoke(support.clj:201)
	at clj_http.client$exceptions_response.invokeStatic(client.clj:240)
	at clj_http.client$exceptions_response.invoke(client.clj:231)
	at clj_http.client$wrap_exceptions$fn__15682.invoke(client.clj:249)
	at clj_http.client$wrap_accept$fn__15934.invoke(client.clj:726)
	at clj_http.client$wrap_accept_encoding$fn__15941.invoke(client.clj:748)
	at clj_http.client$wrap_content_type$fn__15928.invoke(client.clj:709)
	at clj_http.client$wrap_form_params$fn__16031.invoke(client.clj:950)
	at clj_http.client$wrap_nested_params$fn__16048.invoke(client.clj:984)
	at clj_http.client$wrap_flatten_nested_params$fn__16057.invoke(client.clj:1008)
	at clj_http.client$wrap_method$fn__15989.invoke(client.clj:884)
	at clj_http.cookies$wrap_cookies$fn__13971.invoke(cookies.clj:131)
	at clj_http.links$wrap_links$fn__15403.invoke(links.clj:63)
	at clj_http.client$wrap_unknown_host$fn__16065.invoke(client.clj:1037)
	at clj_http.client$request_STAR_.invokeStatic(client.clj:1165)
	at clj_http.client$request_STAR_.invoke(client.clj:1158)
	at clj_http.client$post.invokeStatic(client.clj:1183)
	at clj_http.client$post.doInvoke(client.clj:1179)
	at clojure.lang.RestFn.invoke(RestFn.java:423)
	at server_sent_events.service$k3s_apply_statefulset_handler.invokeStatic(service.clj:111)
	at server_sent_events.service$k3s_apply_statefulset_handler.invoke(service.clj:109)
	at io.pedestal.interceptor$eval168$fn__169$fn__170.invoke(interceptor.clj:41)
	at io.pedestal.interceptor.chain$try_f.invokeStatic(chain.clj:52)
	... 38 common frames omitted
18:47:56.461 [qtp1725565623-18] INFO  i.p.http.impl.servlet-interceptor - {:msg "sending error", :message "Internal server error: exception", :line 214}
18:47:56.461 [qtp1725565623-17] INFO  i.p.http.impl.servlet-interceptor - {:msg "sending error", :message "Internal server error: exception", :line 214}
